2026-06-07 16:59:54,219 INFO ==================================================
2026-06-07 16:59:54,220 INFO AIDLA AUTOPILOT STARTED
2026-06-07 16:59:54,220 INFO Target: 50 uploads | Delay: 8s
2026-06-07 16:59:54,221 INFO ==================================================
2026-06-07 16:59:54,221 INFO [SEARCH] lecture notes data structures
2026-06-07 16:59:58,326 INFO         Found 34 items
2026-06-07 17:00:00,465 INFO         Downloading: 1504.06804.pdf
2026-06-07 17:00:04,243 INFO         Done: 166 KB
2026-06-07 17:00:04,252 INFO         Asking Grok...
2026-06-07 17:00:04,984 ERROR Grok failed: 400 Client Error: Bad Request for url: https://api.x.ai/v1/chat/completions
2026-06-07 17:00:04,988 INFO         Uploading: High Speed Hashing for Integers and Strings
2026-06-07 17:00:09,135 INFO         UPLOADED! slug=high-speed-hashing-for-integers-and-strings
2026-06-07 17:00:09,140 INFO --- Progress: 1/50 ---
2026-06-07 17:00:21,314 INFO         Downloading: 1410.1309.pdf
2026-06-07 17:00:30,372 INFO         Done: 479 KB
2026-06-07 17:00:30,380 INFO         Asking Grok...
2026-06-07 17:00:31,306 ERROR Grok failed: 400 Client Error: Bad Request for url: https://api.x.ai/v1/chat/completions
2026-06-07 17:00:31,311 INFO         Uploading: BiDAl: Big Data Analyzer for Cluster Traces
2026-06-07 17:00:36,232 INFO         UPLOADED! slug=bidal-big-data-analyzer-for-cluster-traces
2026-06-07 17:00:36,235 INFO --- Progress: 2/50 ---
2026-06-07 17:00:46,379 INFO         Downloading: text-algorithms.pdf
2026-06-07 17:00:52,762 INFO         Done: 2445 KB
2026-06-07 17:00:52,771 INFO         Asking Grok...
2026-06-07 17:00:53,593 ERROR Grok failed: 400 Client Error: Bad Request for url: https://api.x.ai/v1/chat/completions
2026-06-07 17:00:53,596 INFO         Uploading: Text Algorithm
2026-06-07 17:01:00,771 INFO         UPLOADED! slug=text-algorithm
2026-06-07 17:01:00,775 INFO --- Progress: 3/50 ---
